[2025-03-16 00:34:29] [INFO] Utility 'C:\Users\temp\e053-etec-peg\utils\logging.ps1' loaded
[2025-03-16 00:34:29] [INFO] Utility 'C:\Users\temp\e053-etec-peg\utils\get-resource-status.ps1' loaded
[2025-03-16 00:34:29] [INFO] Utility 'C:\Users\temp\e053-etec-peg\utils\install-resource.ps1' loaded
[2025-03-16 00:34:30] [SUCCESS] Post-install script started
[2025-03-16 00:34:30] [INFO] The current ExecutionPolicy is 'Unrestricted'. No action needed.
[2025-03-16 00:34:30] [WARN] winget is already installed.
[2025-03-16 00:34:30] [WARN] chocolatey is already installed.
[2025-03-16 00:34:30] [INFO] PowerShell version 5.1.19041.5607 detected, starting upgrade via winget.
[2025-03-16 00:34:32] [WARN] Winget failed to upgrade PowerShell. Attempting Chocolatey...
[2025-03-16 00:34:34] [SUCCESS] PowerShell successfully updated via Chocolatey.
[2025-03-16 00:34:34] [SUCCESS] Preflight checks completed successfully.
[2025-03-16 00:34:34] [INFO] Installing resource '7-Zip'...
[2025-03-16 00:34:35] [WARN] Winget failed to install '7-Zip'. Attempting to install with Chocolatey...
[2025-03-16 00:34:36] [INFO] Software '7-Zip' installed successfully with chocolatey.
[2025-03-16 00:34:36] [INFO] Installing resource 'Node.js LTS'...
[2025-03-16 00:34:37] [WARN] Winget failed to install 'Node.js LTS'. Attempting to install with Chocolatey...
[2025-03-16 00:34:38] [INFO] Software 'Node.js LTS' installed successfully with chocolatey.
[2025-03-16 00:34:38] [INFO] Installing resource 'Java JDK'...
[2025-03-16 00:34:39] [WARN] Winget failed to install 'Java JDK'. Attempting to install with Chocolatey...
[2025-03-16 00:34:41] [INFO] Software 'Java JDK' installed successfully with chocolatey.
[2025-03-16 00:34:41] [INFO] Resource 'Python' is already installed.
[2025-03-16 00:34:41] [INFO] Installing resource 'Visual Studio Code'...
[2025-03-16 00:34:42] [WARN] Winget failed to install 'Visual Studio Code'. Attempting to install with Chocolatey...
[2025-03-16 00:35:06] [INFO] Software 'Visual Studio Code' installed successfully with chocolatey.
[2025-03-16 00:35:06] [INFO] Installing resource 'Google Chrome'...
[2025-03-16 00:35:07] [WARN] Winget failed to install 'Google Chrome'. Attempting to install with Chocolatey...
[2025-03-16 00:35:20] [ERROR] Chocolatey failed to install 'Google Chrome'.
[2025-03-16 00:35:20] [INFO] Installing resource 'IntelliJ IDEA Community Edition'...
[2025-03-16 00:35:21] [WARN] Winget failed to install 'IntelliJ IDEA Community Edition'. Attempting to install with Chocolatey...
[2025-03-16 00:36:55] [INFO] Software 'IntelliJ IDEA Community Edition' installed successfully with chocolatey.
[2025-03-16 00:36:55] [INFO] Installing resource 'Apache NetBeans'...
[2025-03-16 00:36:56] [WARN] Winget failed to install 'Apache NetBeans'. Attempting to install with Chocolatey...
[2025-03-16 00:38:05] [INFO] Software 'Apache NetBeans' installed successfully with chocolatey.
[2025-03-16 00:38:05] [INFO] Installing resource 'Arduino IDE'...
[2025-03-16 00:38:06] [WARN] Winget failed to install 'Arduino IDE'. Attempting to install with Chocolatey...
[2025-03-16 00:38:55] [INFO] Software 'Arduino IDE' installed successfully with chocolatey.
[2025-03-16 00:38:55] [INFO] Installing resource 'Android Studio'...
[2025-03-16 00:38:56] [WARN] Winget failed to install 'Android Studio'. Attempting to install with Chocolatey...
[2025-03-16 00:40:04] [INFO] Software 'Android Studio' installed successfully with chocolatey.
[2025-03-16 00:40:04] [INFO] Installing resource 'MySQL'...
[2025-03-16 00:40:06] [WARN] Winget failed to install 'MySQL'. Attempting to install with Chocolatey...
[2025-03-16 00:41:23] [INFO] Software 'MySQL' installed successfully with chocolatey.
[2025-03-16 00:41:23] [INFO] Installing resource 'MySQL Workbench'...
[2025-03-16 00:41:24] [WARN] Winget failed to install 'MySQL Workbench'. Attempting to install with Chocolatey...
[2025-03-16 00:41:52] [INFO] Software 'MySQL Workbench' installed successfully with chocolatey.
[2025-03-16 00:41:52] [INFO] Installing resource 'Docker Desktop'...
[2025-03-16 00:41:53] [WARN] Winget failed to install 'Docker Desktop'. Attempting to install with Chocolatey...
