[2025-03-16 00:24:20] [INFO] Utility 'C:\Users\temp\e053-etec-peg\utils\logging.ps1' loaded
[2025-03-16 00:24:20] [INFO] Utility 'C:\Users\temp\e053-etec-peg\utils\get-resource-status.ps1' loaded
[2025-03-16 00:24:20] [INFO] Utility 'C:\Users\temp\e053-etec-peg\utils\install-resource.ps1' loaded
[2025-03-16 00:24:20] [SUCCESS] Post-install script started
[2025-03-16 00:24:20] [INFO] The current ExecutionPolicy is 'Unrestricted'. No action needed.
[2025-03-16 00:24:20] [WARN] winget is already installed.
[2025-03-16 00:24:20] [WARN] chocolatey is already installed.
[2025-03-16 00:24:20] [INFO] PowerShell version 5.1.19041.5607 detected, starting upgrade via winget.
[2025-03-16 00:24:22] [WARN] Winget failed to upgrade PowerShell. Attempting Chocolatey...
[2025-03-16 00:24:24] [SUCCESS] PowerShell successfully updated via Chocolatey.
[2025-03-16 00:24:24] [SUCCESS] Preflight checks completed successfully.
[2025-03-16 00:24:24] [INFO] Installing resource '7-Zip'...
[2025-03-16 00:24:25] [INFO] Software '7-Zip' installed successfully with winget.
[2025-03-16 00:24:25] [INFO] Installing resource 'Node.js LTS'...
[2025-03-16 00:24:26] [INFO] Software 'Node.js LTS' installed successfully with winget.
[2025-03-16 00:24:26] [INFO] Installing resource 'Java JDK'...
[2025-03-16 00:24:27] [INFO] Software 'Java JDK' installed successfully with winget.
[2025-03-16 00:24:27] [INFO] Installing resource 'Python'...
[2025-03-16 00:24:28] [INFO] Software 'Python' installed successfully with winget.
[2025-03-16 00:24:28] [INFO] Installing resource 'Visual Studio Code'...
[2025-03-16 00:24:30] [INFO] Software 'Visual Studio Code' installed successfully with winget.
[2025-03-16 00:24:30] [INFO] Installing resource 'Google Chrome'...
[2025-03-16 00:24:31] [INFO] Software 'Google Chrome' installed successfully with winget.
[2025-03-16 00:24:31] [INFO] Installing resource 'IntelliJ IDEA Community Edition'...
[2025-03-16 00:24:32] [INFO] Software 'IntelliJ IDEA Community Edition' installed successfully with winget.
[2025-03-16 00:24:32] [INFO] Installing resource 'Apache NetBeans'...
[2025-03-16 00:24:33] [INFO] Software 'Apache NetBeans' installed successfully with winget.
[2025-03-16 00:24:33] [INFO] Installing resource 'Arduino IDE'...
[2025-03-16 00:24:34] [INFO] Software 'Arduino IDE' installed successfully with winget.
[2025-03-16 00:24:34] [INFO] Installing resource 'Android Studio'...
[2025-03-16 00:24:35] [INFO] Software 'Android Studio' installed successfully with winget.
[2025-03-16 00:24:35] [INFO] Installing resource 'MySQL'...
[2025-03-16 00:24:36] [INFO] Software 'MySQL' installed successfully with winget.
[2025-03-16 00:24:36] [INFO] Installing resource 'MySQL Workbench'...
[2025-03-16 00:24:37] [INFO] Software 'MySQL Workbench' installed successfully with winget.
[2025-03-16 00:24:37] [INFO] Installing resource 'Docker Desktop'...
[2025-03-16 00:24:38] [INFO] Software 'Docker Desktop' installed successfully with winget.
[2025-03-16 00:24:38] [INFO] Installing resource 'Eclipse IDE'...
[2025-03-16 00:24:40] [INFO] Software 'Eclipse IDE' installed successfully with winget.
[2025-03-16 00:24:40] [SUCCESS] Software installation process completed.
[2025-03-16 00:24:40] [SUCCESS] Post-install script completed
