[2025-03-16 00:31:42] [INFO] Utility 'C:\Users\temp\e053-etec-peg\utils\logging.ps1' loaded
[2025-03-16 00:31:42] [INFO] Utility 'C:\Users\temp\e053-etec-peg\utils\get-resource-status.ps1' loaded
[2025-03-16 00:31:42] [INFO] Utility 'C:\Users\temp\e053-etec-peg\utils\install-resource.ps1' loaded
[2025-03-16 00:31:42] [SUCCESS] Post-install script started
[2025-03-16 00:31:42] [INFO] The current ExecutionPolicy is 'Unrestricted'. No action needed.
[2025-03-16 00:31:42] [WARN] winget is already installed.
[2025-03-16 00:31:42] [WARN] chocolatey is already installed.
[2025-03-16 00:31:42] [INFO] PowerShell version 5.1.19041.5607 detected, starting upgrade via winget.
[2025-03-16 00:31:44] [WARN] Winget failed to upgrade PowerShell. Attempting Chocolatey...
[2025-03-16 00:31:46] [SUCCESS] PowerShell successfully updated via Chocolatey.
[2025-03-16 00:31:46] [SUCCESS] Preflight checks completed successfully.
[2025-03-16 00:31:46] [INFO] Installing resource '7-Zip'...
[2025-03-16 00:31:47] [WARN] Winget failed to install '7-Zip'. Attempting to install with Chocolatey...
[2025-03-16 00:31:53] [ERROR] Chocolatey failed to install '7-Zip'.
[2025-03-16 00:31:53] [INFO] Installing resource 'Node.js LTS'...
[2025-03-16 00:31:54] [WARN] Winget failed to install 'Node.js LTS'. Attempting to install with Chocolatey...
[2025-03-16 00:32:05] [ERROR] Chocolatey failed to install 'Node.js LTS'.
[2025-03-16 00:32:05] [INFO] Installing resource 'Java JDK'...
[2025-03-16 00:32:06] [WARN] Winget failed to install 'Java JDK'. Attempting to install with Chocolatey...
[2025-03-16 00:32:29] [ERROR] Chocolatey failed to install 'Java JDK'.
[2025-03-16 00:32:29] [INFO] Resource 'Python' is already installed.
[2025-03-16 00:32:29] [INFO] Installing resource 'Visual Studio Code'...
[2025-03-16 00:32:30] [WARN] Winget failed to install 'Visual Studio Code'. Attempting to install with Chocolatey...
