[2025-03-16 00:27:56] [INFO] Utility 'C:\Users\temp\e053-etec-peg\utils\logging.ps1' loaded
[2025-03-16 00:27:56] [INFO] Utility 'C:\Users\temp\e053-etec-peg\utils\get-resource-status.ps1' loaded
[2025-03-16 00:27:56] [INFO] Utility 'C:\Users\temp\e053-etec-peg\utils\install-resource.ps1' loaded
[2025-03-16 00:27:56] [SUCCESS] Post-install script started
[2025-03-16 00:27:56] [INFO] The current ExecutionPolicy is 'Unrestricted'. No action needed.
[2025-03-16 00:27:56] [WARN] winget is already installed.
[2025-03-16 00:27:56] [WARN] chocolatey is already installed.
[2025-03-16 00:27:56] [INFO] PowerShell version 5.1.19041.5607 detected, starting upgrade via winget.
[2025-03-16 00:27:59] [WARN] Winget failed to upgrade PowerShell. Attempting Chocolatey...
[2025-03-16 00:28:01] [SUCCESS] PowerShell successfully updated via Chocolatey.
[2025-03-16 00:28:01] [SUCCESS] Preflight checks completed successfully.
[2025-03-16 00:28:01] [INFO] Installing resource '7-Zip'...
[2025-03-16 00:28:02] [INFO] Software '7-Zip' installed successfully with winget.
[2025-03-16 00:28:02] [INFO] Installing resource 'Node.js LTS'...
[2025-03-16 00:28:03] [INFO] Software 'Node.js LTS' installed successfully with winget.
[2025-03-16 00:28:03] [INFO] Installing resource 'Java JDK'...
[2025-03-16 00:28:05] [INFO] Software 'Java JDK' installed successfully with winget.
[2025-03-16 00:28:05] [INFO] Resource 'Python' is already installed.
[2025-03-16 00:28:05] [INFO] Installing resource 'Visual Studio Code'...
[2025-03-16 00:28:06] [INFO] Software 'Visual Studio Code' installed successfully with winget.
[2025-03-16 00:28:06] [INFO] Installing resource 'Google Chrome'...
[2025-03-16 00:28:07] [INFO] Software 'Google Chrome' installed successfully with winget.
[2025-03-16 00:28:07] [INFO] Installing resource 'IntelliJ IDEA Community Edition'...
[2025-03-16 00:28:08] [INFO] Software 'IntelliJ IDEA Community Edition' installed successfully with winget.
[2025-03-16 00:28:08] [INFO] Installing resource 'Apache NetBeans'...
[2025-03-16 00:28:10] [INFO] Software 'Apache NetBeans' installed successfully with winget.
[2025-03-16 00:28:10] [INFO] Installing resource 'Arduino IDE'...
[2025-03-16 00:28:11] [INFO] Software 'Arduino IDE' installed successfully with winget.
[2025-03-16 00:28:11] [INFO] Installing resource 'Android Studio'...
[2025-03-16 00:28:12] [INFO] Software 'Android Studio' installed successfully with winget.
[2025-03-16 00:28:12] [INFO] Installing resource 'MySQL'...
[2025-03-16 00:28:13] [INFO] Software 'MySQL' installed successfully with winget.
[2025-03-16 00:28:13] [INFO] Installing resource 'MySQL Workbench'...
[2025-03-16 00:28:14] [INFO] Software 'MySQL Workbench' installed successfully with winget.
[2025-03-16 00:28:14] [INFO] Installing resource 'Docker Desktop'...
[2025-03-16 00:28:15] [INFO] Software 'Docker Desktop' installed successfully with winget.
[2025-03-16 00:28:15] [INFO] Installing resource 'Eclipse IDE'...
[2025-03-16 00:28:16] [INFO] Software 'Eclipse IDE' installed successfully with winget.
[2025-03-16 00:28:16] [SUCCESS] Software installation process completed.
[2025-03-16 00:28:16] [SUCCESS] Post-install script completed
